{"/Users/nathan/Documents/Projects/has-flags/src/index.ts": {"path":"/Users/nathan/Documents/Projects/has-flags/src/index.ts","statementMap":{"0":{"start":{"line":1,"column":0},"end":{"line":1,"column":29}}},"fnMap":{},"branchMap":{},"s":{"0":1},"f":{},"b":{}}
,"/Users/nathan/Documents/Projects/has-flags/src/Enums/FlagsEnum.ts": {"path":"/Users/nathan/Documents/Projects/has-flags/src/Enums/FlagsEnum.ts","statementMap":{"0":{"start":{"line":1,"column":0},"end":{"line":1,"column":null}},"1":{"start":{"line":2,"column":1},"end":{"line":2,"column":null}},"2":{"start":{"line":3,"column":1},"end":{"line":3,"column":null}},"3":{"start":{"line":4,"column":1},"end":{"line":4,"column":null}},"4":{"start":{"line":5,"column":1},"end":{"line":5,"column":null}},"5":{"start":{"line":6,"column":1},"end":{"line":6,"column":null}},"6":{"start":{"line":7,"column":1},"end":{"line":7,"column":null}},"7":{"start":{"line":8,"column":1},"end":{"line":8,"column":null}},"8":{"start":{"line":9,"column":1},"end":{"line":9,"column":null}},"9":{"start":{"line":10,"column":1},"end":{"line":10,"column":null}},"10":{"start":{"line":11,"column":1},"end":{"line":11,"column":null}},"11":{"start":{"line":12,"column":1},"end":{"line":12,"column":null}},"12":{"start":{"line":13,"column":1},"end":{"line":13,"column":null}},"13":{"start":{"line":14,"column":1},"end":{"line":14,"column":null}},"14":{"start":{"line":15,"column":1},"end":{"line":15,"column":null}},"15":{"start":{"line":16,"column":1},"end":{"line":16,"column":null}},"16":{"start":{"line":17,"column":1},"end":{"line":17,"column":null}},"17":{"start":{"line":18,"column":1},"end":{"line":18,"column":null}},"18":{"start":{"line":19,"column":1},"end":{"line":19,"column":null}},"19":{"start":{"line":20,"column":1},"end":{"line":20,"column":null}},"20":{"start":{"line":21,"column":1},"end":{"line":21,"column":null}},"21":{"start":{"line":22,"column":1},"end":{"line":22,"column":null}},"22":{"start":{"line":23,"column":1},"end":{"line":23,"column":null}},"23":{"start":{"line":24,"column":1},"end":{"line":24,"column":null}},"24":{"start":{"line":25,"column":1},"end":{"line":25,"column":null}},"25":{"start":{"line":26,"column":1},"end":{"line":26,"column":null}},"26":{"start":{"line":27,"column":1},"end":{"line":27,"column":null}},"27":{"start":{"line":28,"column":1},"end":{"line":28,"column":null}},"28":{"start":{"line":29,"column":1},"end":{"line":29,"column":null}},"29":{"start":{"line":30,"column":1},"end":{"line":30,"column":null}},"30":{"start":{"line":31,"column":1},"end":{"line":31,"column":null}},"31":{"start":{"line":32,"column":1},"end":{"line":32,"column":null}},"32":{"start":{"line":33,"column":1},"end":{"line":33,"column":null}},"33":{"start":{"line":36,"column":9},"end":{"line":36,"column":18}}},"fnMap":{"0":{"name":"(anonymous_0)","decl":{"start":{"line":1,"column":0},"end":{"line":1,"column":5}},"loc":{"start":{"line":1,"column":14},"end":{"line":34,"column":1}}}},"branchMap":{"0":{"loc":{"start":{"line":1,"column":5},"end":{"line":1,"column":null}},"type":"binary-expr","locations":[{"start":{"line":1,"column":5},"end":{"line":1,"column":14}},{"start":{"line":1,"column":5},"end":{"line":1,"column":null}}]}},"s":{"0":1,"1":1,"2":1,"3":1,"4":1,"5":1,"6":1,"7":1,"8":1,"9":1,"10":1,"11":1,"12":1,"13":1,"14":1,"15":1,"16":1,"17":1,"18":1,"19":1,"20":1,"21":1,"22":1,"23":1,"24":1,"25":1,"26":1,"27":1,"28":1,"29":1,"30":1,"31":1,"32":1,"33":1},"f":{"0":1},"b":{"0":[1,1]}}
,"/Users/nathan/Documents/Projects/has-flags/src/Flag/Flags.ts": {"path":"/Users/nathan/Documents/Projects/has-flags/src/Flag/Flags.ts","statementMap":{"0":{"start":{"line":1,"column":0},"end":{"line":1,"column":47}},"1":{"start":{"line":6,"column":9},"end":{"line":6,"column":31}},"2":{"start":{"line":7,"column":9},"end":{"line":7,"column":63}},"3":{"start":{"line":8,"column":9},"end":{"line":8,"column":20}},"4":{"start":{"line":11,"column":15},"end":{"line":11,"column":79}},"5":{"start":{"line":11,"column":49},"end":{"line":11,"column":78}},"6":{"start":{"line":12,"column":2},"end":{"line":15,"column":5}},"7":{"start":{"line":13,"column":3},"end":{"line":13,"column":49}},"8":{"start":{"line":14,"column":3},"end":{"line":14,"column":16}},"9":{"start":{"line":19,"column":2},"end":{"line":19,"column":61}},"10":{"start":{"line":23,"column":2},"end":{"line":23,"column":61}},"11":{"start":{"line":23,"column":34},"end":{"line":23,"column":52}},"12":{"start":{"line":27,"column":2},"end":{"line":27,"column":51}},"13":{"start":{"line":31,"column":2},"end":{"line":33,"column":5}},"14":{"start":{"line":32,"column":3},"end":{"line":32,"column":22}},"15":{"start":{"line":37,"column":2},"end":{"line":37,"column":52}},"16":{"start":{"line":41,"column":2},"end":{"line":43,"column":5}},"17":{"start":{"line":42,"column":3},"end":{"line":42,"column":25}},"18":{"start":{"line":47,"column":2},"end":{"line":47,"column":18}},"19":{"start":{"line":51,"column":2},"end":{"line":51,"column":21}},"20":{"start":{"line":55,"column":2},"end":{"line":55,"column":32}},"21":{"start":{"line":59,"column":9},"end":{"line":59,"column":14}}},"fnMap":{"0":{"name":"(anonymous_0)","decl":{"start":{"line":10,"column":1},"end":{"line":10,"column":13}},"loc":{"start":{"line":10,"column":27},"end":{"line":16,"column":2}}},"1":{"name":"(anonymous_1)","decl":{"start":{"line":11,"column":40},"end":{"line":11,"column":41}},"loc":{"start":{"line":11,"column":49},"end":{"line":11,"column":78}}},"2":{"name":"(anonymous_2)","decl":{"start":{"line":12,"column":15},"end":{"line":12,"column":16}},"loc":{"start":{"line":12,"column":23},"end":{"line":15,"column":3}}},"3":{"name":"(anonymous_3)","decl":{"start":{"line":18,"column":8},"end":{"line":18,"column":15}},"loc":{"start":{"line":18,"column":23},"end":{"line":20,"column":2}}},"4":{"name":"(anonymous_4)","decl":{"start":{"line":22,"column":8},"end":{"line":22,"column":16}},"loc":{"start":{"line":22,"column":27},"end":{"line":24,"column":2}}},"5":{"name":"(anonymous_5)","decl":{"start":{"line":23,"column":24},"end":{"line":23,"column":25}},"loc":{"start":{"line":23,"column":34},"end":{"line":23,"column":52}}},"6":{"name":"(anonymous_6)","decl":{"start":{"line":26,"column":8},"end":{"line":26,"column":15}},"loc":{"start":{"line":26,"column":23},"end":{"line":28,"column":2}}},"7":{"name":"(anonymous_7)","decl":{"start":{"line":30,"column":8},"end":{"line":30,"column":16}},"loc":{"start":{"line":30,"column":27},"end":{"line":34,"column":2}}},"8":{"name":"(anonymous_8)","decl":{"start":{"line":31,"column":16},"end":{"line":31,"column":17}},"loc":{"start":{"line":31,"column":25},"end":{"line":33,"column":3}}},"9":{"name":"(anonymous_9)","decl":{"start":{"line":36,"column":8},"end":{"line":36,"column":18}},"loc":{"start":{"line":36,"column":26},"end":{"line":38,"column":2}}},"10":{"name":"(anonymous_10)","decl":{"start":{"line":40,"column":8},"end":{"line":40,"column":19}},"loc":{"start":{"line":40,"column":30},"end":{"line":44,"column":2}}},"11":{"name":"(anonymous_11)","decl":{"start":{"line":41,"column":16},"end":{"line":41,"column":17}},"loc":{"start":{"line":41,"column":25},"end":{"line":43,"column":3}}},"12":{"name":"(anonymous_12)","decl":{"start":{"line":46,"column":8},"end":{"line":46,"column":22}},"loc":{"start":{"line":46,"column":22},"end":{"line":48,"column":2}}},"13":{"name":"(anonymous_13)","decl":{"start":{"line":50,"column":1},"end":{"line":50,"column":12}},"loc":{"start":{"line":50,"column":17},"end":{"line":52,"column":2}}},"14":{"name":"(anonymous_14)","decl":{"start":{"line":54,"column":8},"end":{"line":54,"column":16}},"loc":{"start":{"line":54,"column":16},"end":{"line":56,"column":2}}}},"branchMap":{"0":{"loc":{"start":{"line":11,"column":49},"end":{"line":11,"column":78}},"type":"binary-expr","locations":[{"start":{"line":11,"column":49},"end":{"line":11,"column":63}},{"start":{"line":11,"column":67},"end":{"line":11,"column":78}}]}},"s":{"0":1,"1":14,"2":14,"3":14,"4":14,"5":84,"6":14,"7":56,"8":56,"9":28,"10":2,"11":4,"12":16,"13":6,"14":12,"15":6,"16":2,"17":4,"18":2,"19":2,"20":2,"21":1},"f":{"0":14,"1":84,"2":56,"3":28,"4":2,"5":4,"6":16,"7":6,"8":12,"9":6,"10":2,"11":4,"12":2,"13":2,"14":2},"b":{"0":[84,63]}}
}
